<?xml version="1.0" encoding="UTF-8"?>
<testng-results ignored="0" total="3" passed="3" failed="0" skipped="0">
  <reporter-output>
  </reporter-output>
  <suite started-at="2026-08-08T13:39:04 IST" name="Surefire suite" finished-at="2026-08-08T13:39:10 IST" duration-ms="5761">
    <groups>
    </groups>
    <test started-at="2026-08-08T13:39:04 IST" name="Surefire test" finished-at="2026-08-08T13:39:10 IST" duration-ms="5761">
      <class name="com.framework.tests.BrowserTest">
        <test-method is-config="true" signature="setUp()[pri:0, instance:com.framework.tests.BrowserTest@1e730495]" started-at="2026-08-08T13:39:04 IST" name="setUp" finished-at="2026-08-08T13:39:06 IST" duration-ms="2274" status="PASS">
          <reporter-output>
          </reporter-output>
        </test-method> <!-- setUp -->
        <test-method signature="verifyBrowserLaunch()[pri:0, instance:com.framework.tests.BrowserTest@1e730495]" started-at="2026-08-08T13:39:06 IST" name="verifyBrowserLaunch" finished-at="2026-08-08T13:39:07 IST" duration-ms="951" status="PASS">
          <reporter-output>
          </reporter-output>
        </test-method> <!-- verifyBrowserLaunch -->
        <test-method is-config="true" signature="tearDown()[pri:0, instance:com.framework.tests.BrowserTest@1e730495]" started-at="2026-08-08T13:39:07 IST" name="tearDown" finished-at="2026-08-08T13:39:08 IST" duration-ms="392" status="PASS">
          <reporter-output>
          </reporter-output>
        </test-method> <!-- tearDown -->
      </class> <!-- com.framework.tests.BrowserTest -->
      <class name="com.framework.tests.LoginTest">
        <test-method is-config="true" signature="setUp()[pri:0, instance:com.framework.tests.LoginTest@7d3a22a9]" started-at="2026-08-08T13:39:08 IST" name="setUp" finished-at="2026-08-08T13:39:09 IST" duration-ms="997" status="PASS">
          <reporter-output>
          </reporter-output>
        </test-method> <!-- setUp -->
        <test-method signature="loginTest()[pri:0, instance:com.framework.tests.LoginTest@7d3a22a9]" started-at="2026-08-08T13:39:09 IST" name="loginTest" finished-at="2026-08-08T13:39:10 IST" duration-ms="839" status="PASS">
          <reporter-output>
          </reporter-output>
        </test-method> <!-- loginTest -->
        <test-method is-config="true" signature="tearDown()[pri:0, instance:com.framework.tests.LoginTest@7d3a22a9]" started-at="2026-08-08T13:39:10 IST" name="tearDown" finished-at="2026-08-08T13:39:10 IST" duration-ms="242" status="PASS">
          <reporter-output>
          </reporter-output>
        </test-method> <!-- tearDown -->
      </class> <!-- com.framework.tests.LoginTest -->
      <class name="com.framework.tests.SampleTest">
        <test-method signature="firstTest()[pri:0, instance:com.framework.tests.SampleTest@1d082e88]" started-at="2026-08-08T13:39:10 IST" name="firstTest" finished-at="2026-08-08T13:39:10 IST" duration-ms="0" status="PASS">
          <reporter-output>
          </reporter-output>
        </test-method> <!-- firstTest -->
      </class> <!-- com.framework.tests.SampleTest -->
    </test> <!-- Surefire test -->
  </suite> <!-- Surefire suite -->
</testng-results>
