<?xml version="1.0" encoding="UTF-8"?>
<testng-results ignored="0" total="2" passed="2" failed="0" skipped="0">
  <reporter-output>
  </reporter-output>
  <suite started-at="2026-08-07T06:23:03 IST" name="Surefire suite" finished-at="2026-08-07T06:23:09 IST" duration-ms="5227">
    <groups>
    </groups>
    <test started-at="2026-08-07T06:23:03 IST" name="Surefire test" finished-at="2026-08-07T06:23:09 IST" duration-ms="5227">
      <class name="com.framework.tests.BrowserTest">
        <test-method is-config="true" signature="setUp()[pri:0, instance:com.framework.tests.BrowserTest@6295d394]" started-at="2026-08-07T06:23:03 IST" name="setUp" finished-at="2026-08-07T06:23:08 IST" duration-ms="4132" status="PASS">
          <reporter-output>
          </reporter-output>
        </test-method> <!-- setUp -->
        <test-method signature="verifyBrowserLaunch()[pri:0, instance:com.framework.tests.BrowserTest@6295d394]" started-at="2026-08-07T06:23:08 IST" name="verifyBrowserLaunch" finished-at="2026-08-07T06:23:08 IST" duration-ms="819" status="PASS">
          <reporter-output>
          </reporter-output>
        </test-method> <!-- verifyBrowserLaunch -->
        <test-method is-config="true" signature="tearDown()[pri:0, instance:com.framework.tests.BrowserTest@6295d394]" started-at="2026-08-07T06:23:08 IST" name="tearDown" finished-at="2026-08-07T06:23:09 IST" duration-ms="223" status="PASS">
          <reporter-output>
          </reporter-output>
        </test-method> <!-- tearDown -->
      </class> <!-- com.framework.tests.BrowserTest -->
      <class name="com.framework.tests.SampleTest">
        <test-method signature="firstTest()[pri:0, instance:com.framework.tests.SampleTest@4c15e7fd]" started-at="2026-08-07T06:23:09 IST" name="firstTest" finished-at="2026-08-07T06:23:09 IST" duration-ms="2" status="PASS">
          <reporter-output>
          </reporter-output>
        </test-method> <!-- firstTest -->
      </class> <!-- com.framework.tests.SampleTest -->
    </test> <!-- Surefire test -->
  </suite> <!-- Surefire suite -->
</testng-results>
