<?xml version="1.0" encoding="UTF-8"?>
<!-- Generated by org.testng.reporters.JUnitXMLReporter -->
<testsuite ignored="0" hostname="DESKTOP-HLK4LFL" failures="0" tests="3" name="Surefire test" time="5.761" errors="0" timestamp="2026-08-08T13:39:10 IST">
  <testcase classname="com.framework.tests.BrowserTest" name="verifyBrowserLaunch" time="0.951"/>
  <testcase classname="com.framework.tests.LoginTest" name="loginTest" time="0.839"/>
  <testcase classname="com.framework.tests.SampleTest" name="firstTest" time="0.0"/>
</testsuite> <!-- Surefire test -->
